/usr/workspace/variorum/2024-flux-power-monitor-testing/module_list.sh: line 3: module: command not found
/usr/workspace/variorum/2024-flux-power-monitor-testing/module_list.sh: line 4: module: command not found
/usr/workspace/variorum/2024-flux-power-monitor-testing/module_list.sh: line 5: module: command not found
/usr/workspace/variorum/2024-flux-power-monitor-testing/module_list.sh: line 6: module: command not found
sh: ./wrapper_charm.sh: No such file or directory

------------------------------------------------------------
Sender: LSF System <lsfadmin@lassen710>
Subject: Job 6075824: <sh ./wrapper_charm.sh 8> in cluster <lassen> Exited

Job <sh ./wrapper_charm.sh 8> was submitted from host <lassen709> by user <namankul> in cluster <lassen> at Wed Aug  7 17:11:47 2024
Job was executed on host(s) <1*lassen710>, in queue <pbatch>, as user <namankul> in cluster <lassen> at Wed Aug  7 17:26:04 2024
                            <40*lassen408>
                            <40*lassen651>
                            <40*lassen519>
                            <40*lassen364>
                            <40*lassen365>
                            <40*lassen383>
                            <40*lassen388>
                            <40*lassen242>
</g/g92/namankul> was used as the home directory.
</g/g92/namankul/flux/flux-power-mgr/scripts> was used as the working directory.
Started at Wed Aug  7 17:26:04 2024
Terminated at Wed Aug  7 17:27:11 2024
Results reported at Wed Aug  7 17:27:11 2024

Your job looked like:

------------------------------------------------------------
# LSBATCH: User input
sh ./wrapper_charm.sh 8
------------------------------------------------------------

Exited with exit code 127.

Resource usage summary:

    CPU time :                                   6.00 sec.
    Max Memory :                                 106 MB
    Average Memory :                             79.43 MB
    Total Requested Memory :                     -
    Delta Memory :                               -
    Max Swap :                                   1380 MB
    Max Processes :                              11
    Max Threads :                                23
    Run time :                                   67 sec.
    Turnaround time :                            924 sec.

The output (if any) is above this job summary.

